[debug] [2023-04-24T06:50:14.327Z] ----------------------------------------------------------------------
[debug] [2023-04-24T06:50:14.330Z] Command:       C:\Program Files\nodejs\node.exe C:\Users\ACER\AppData\Roaming\npm\node_modules\firebase-tools\lib\bin\firebase.js init
[debug] [2023-04-24T06:50:14.331Z] CLI Version:   11.28.0
[debug] [2023-04-24T06:50:14.331Z] Platform:      win32
[debug] [2023-04-24T06:50:14.331Z] Node Version:  v18.16.0
[debug] [2023-04-24T06:50:14.332Z] Time:          Mon Apr 24 2023 13:50:14 GMT+0700 (Indochina Time)
[debug] [2023-04-24T06:50:14.332Z] ----------------------------------------------------------------------
[debug] 
[debug] [2023-04-24T06:50:14.335Z] >>> [apiv2][query] GET https://firebase-public.firebaseio.com/cli.json [none]
[debug] [2023-04-24T06:50:14.387Z] > command requires scopes: ["email","openid","https://www.googleapis.com/auth/cloudplatformprojects.readonly","https://www.googleapis.com/auth/firebase","https://www.googleapis.com/auth/cloud-platform"]
[debug] [2023-04-24T06:50:14.387Z] > authorizing via signed-in user (haitrieu2524@gmail.com)
[info] 
     ######## #### ########  ######## ########     ###     ######  ########
     ##        ##  ##     ## ##       ##     ##  ##   ##  ##       ##
     ######    ##  ########  ######   ########  #########  ######  ######
     ##        ##  ##    ##  ##       ##     ## ##     ##       ## ##
     ##       #### ##     ## ######## ########  ##     ##  ######  ########

You're about to initialize a Firebase project in this directory:

  E:\workspace\ReactJS\return-ui

[debug] [2023-04-24T06:50:15.010Z] <<< [apiv2][status] GET https://firebase-public.firebaseio.com/cli.json 200
[debug] [2023-04-24T06:50:15.011Z] <<< [apiv2][body] GET https://firebase-public.firebaseio.com/cli.json {"cloudBuildErrorAfter":1594252800000,"cloudBuildWarnAfter":1590019200000,"defaultNode10After":1594252800000,"minVersion":"3.0.5","node8DeploysDisabledAfter":1613390400000,"node8RuntimeDisabledAfter":1615809600000,"node8WarnAfter":1600128000000}
